<?xml version="1.0" encoding="UTF-8"?>
<testng-results ignored="0" total="5" passed="5" failed="0" skipped="0">
  <reporter-output>
  </reporter-output>
  <suite started-at="2024-04-02T11:47:06 IST" name="Default suite" finished-at="2024-04-02T11:47:08 IST" duration-ms="2221">
    <groups>
      <group name="cucumber">
        <method signature="AbstractTestNGCucumberTests.runScenario(io.cucumber.testng.PickleWrapper,io.cucumber.testng.FeatureWrapper)[pri:0, instance:RunnerFile.NewTest@59402b8f]" name="runScenario" class="io.cucumber.testng.AbstractTestNGCucumberTests"/>
      </group> <!-- cucumber -->
    </groups>
    <test started-at="2024-04-02T11:47:06 IST" name="Default test" finished-at="2024-04-02T11:47:08 IST" duration-ms="2221">
      <class name="RunnerFile.NewTest">
        <test-method is-config="true" signature="setUpClass(org.testng.ITestContext)[pri:0, instance:RunnerFile.NewTest@59402b8f]" started-at="2024-04-02T11:47:06 IST" name="setUpClass" finished-at="2024-04-02T11:47:06 IST" duration-ms="382" status="PASS">
          <params>
            <param index="0">
              <value>
                <![CDATA[org.testng.TestRunner@78d9f51b]]>
              </value>
            </param>
          </params>
          <reporter-output>
          </reporter-output>
        </test-method> <!-- setUpClass -->
        <test-method signature="runScenario(io.cucumber.testng.PickleWrapper,io.cucumber.testng.FeatureWrapper)[pri:0, instance:RunnerFile.NewTest@59402b8f]" started-at="2024-04-02T11:47:06 IST" name="runScenario" description="Runs Cucumber Scenarios" data-provider="scenarios" finished-at="2024-04-02T11:47:06 IST" duration-ms="165" status="PASS">
          <params>
            <param index="0">
              <value>
                <![CDATA["I want to check the number of jobs i have applied"]]>
              </value>
            </param>
            <param index="1">
              <value>
                <![CDATA["Hello"]]>
              </value>
            </param>
          </params>
          <reporter-output>
          </reporter-output>
        </test-method> <!-- runScenario -->
        <test-method signature="runScenario(io.cucumber.testng.PickleWrapper,io.cucumber.testng.FeatureWrapper)[pri:0, instance:RunnerFile.NewTest@59402b8f]" started-at="2024-04-02T11:47:06 IST" name="runScenario" description="Runs Cucumber Scenarios" data-provider="scenarios" finished-at="2024-04-02T11:47:06 IST" duration-ms="10" status="PASS">
          <params>
            <param index="0">
              <value>
                <![CDATA["searching a role"]]>
              </value>
            </param>
            <param index="1">
              <value>
                <![CDATA["Hello"]]>
              </value>
            </param>
          </params>
          <reporter-output>
          </reporter-output>
        </test-method> <!-- runScenario -->
        <test-method signature="runScenario(io.cucumber.testng.PickleWrapper,io.cucumber.testng.FeatureWrapper)[pri:0, instance:RunnerFile.NewTest@59402b8f]" started-at="2024-04-02T11:47:06 IST" name="runScenario" description="Runs Cucumber Scenarios" data-provider="scenarios" finished-at="2024-04-02T11:47:06 IST" duration-ms="6" status="PASS">
          <params>
            <param index="0">
              <value>
                <![CDATA["Followers count and list"]]>
              </value>
            </param>
            <param index="1">
              <value>
                <![CDATA["Hello"]]>
              </value>
            </param>
          </params>
          <reporter-output>
          </reporter-output>
        </test-method> <!-- runScenario -->
        <test-method signature="runScenario(io.cucumber.testng.PickleWrapper,io.cucumber.testng.FeatureWrapper)[pri:0, instance:RunnerFile.NewTest@59402b8f]" started-at="2024-04-02T11:47:06 IST" name="runScenario" description="Runs Cucumber Scenarios" data-provider="scenarios" finished-at="2024-04-02T11:47:06 IST" duration-ms="6" status="PASS">
          <params>
            <param index="0">
              <value>
                <![CDATA["I want to see the latest posts"]]>
              </value>
            </param>
            <param index="1">
              <value>
                <![CDATA["Hello"]]>
              </value>
            </param>
          </params>
          <reporter-output>
          </reporter-output>
        </test-method> <!-- runScenario -->
        <test-method signature="runScenario(io.cucumber.testng.PickleWrapper,io.cucumber.testng.FeatureWrapper)[pri:0, instance:RunnerFile.NewTest@59402b8f]" started-at="2024-04-02T11:47:06 IST" name="runScenario" description="Runs Cucumber Scenarios" data-provider="scenarios" finished-at="2024-04-02T11:47:06 IST" duration-ms="5" status="PASS">
          <params>
            <param index="0">
              <value>
                <![CDATA["Finding a connection through search"]]>
              </value>
            </param>
            <param index="1">
              <value>
                <![CDATA["Hello"]]>
              </value>
            </param>
          </params>
          <reporter-output>
          </reporter-output>
        </test-method> <!-- runScenario -->
        <test-method is-config="true" signature="tearDownClass()[pri:0, instance:RunnerFile.NewTest@59402b8f]" started-at="2024-04-02T11:47:06 IST" name="tearDownClass" finished-at="2024-04-02T11:47:08 IST" duration-ms="1599" status="PASS">
          <reporter-output>
          </reporter-output>
        </test-method> <!-- tearDownClass -->
      </class> <!-- RunnerFile.NewTest -->
    </test> <!-- Default test -->
  </suite> <!-- Default suite -->
</testng-results>
